<?xml version="1.0" encoding="UTF-8"?>
<coverage generated="1565202100070" clover="3.2.0">
  <project timestamp="1565202100071" name="All files">
    <metrics statements="73" coveredstatements="62" conditionals="12" coveredconditionals="8" methods="14" coveredmethods="10" elements="99" coveredelements="80" complexity="0" loc="73" ncloc="73" packages="3" files="9" classes="9">
      <package name="components">
        <metrics statements="25" coveredstatements="14" conditionals="6" coveredconditionals="2" methods="4" coveredmethods="0"/>
        <file name="dashboard.vue" path="/c/Users/Administrator/Documents/hero/src/components/dashboard.vue">
          <metrics statements="11" coveredstatements="7" conditionals="4" coveredconditionals="2" methods="2" coveredmethods="0"/>
          <line num="23" count="1" type="stmt"/>
          <line num="27" count="1" type="stmt"/>
          <line num="34" count="2" type="cond" truecount="2" falsecount="0"/>
          <line num="35" count="1" type="stmt"/>
          <line num="37" count="1" type="stmt"/>
          <line num="44" count="2" type="stmt"/>
          <line num="45" count="2" type="stmt"/>
          <line num="46" count="0" type="stmt"/>
          <line num="47" count="0" type="cond" truecount="0" falsecount="2"/>
          <line num="48" count="0" type="stmt"/>
          <line num="58" count="0" type="stmt"/>
        </file>
        <file name="detail.vue" path="/c/Users/Administrator/Documents/hero/src/components/detail.vue">
          <metrics statements="9" coveredstatements="5" conditionals="0" coveredconditionals="0" methods="1" coveredmethods="0"/>
          <line num="17" count="1" type="stmt"/>
          <line num="24" count="4" type="stmt"/>
          <line num="27" count="2" type="stmt"/>
          <line num="36" count="0" type="stmt"/>
          <line num="39" count="1" type="stmt"/>
          <line num="40" count="1" type="stmt"/>
          <line num="50" count="0" type="stmt"/>
          <line num="51" count="0" type="stmt"/>
          <line num="52" count="0" type="stmt"/>
        </file>
        <file name="heroes.vue" path="/c/Users/Administrator/Documents/hero/src/components/heroes.vue">
          <metrics statements="5" coveredstatements="2" conditionals="2" coveredconditionals="0" methods="1" coveredmethods="0"/>
          <line num="20" count="1" type="stmt"/>
          <line num="23" count="4" type="stmt"/>
          <line num="38" count="0" type="cond" truecount="0" falsecount="2"/>
          <line num="39" count="0" type="stmt"/>
          <line num="44" count="0" type="stmt"/>
        </file>
      </package>
      <package name="store">
        <metrics statements="47" coveredstatements="47" conditionals="6" coveredconditionals="6" methods="10" coveredmethods="10"/>
        <file name="actions.ts" path="/c/Users/Administrator/Documents/hero/src/store/actions.ts">
          <metrics statements="14" coveredstatements="14" conditionals="2" coveredconditionals="2" methods="2" coveredmethods="2"/>
          <line num="1" count="2" type="stmt"/>
          <line num="7" count="1" type="stmt"/>
          <line num="8" count="1" type="stmt"/>
          <line num="11" count="1" type="stmt"/>
          <line num="12" count="1" type="stmt"/>
          <line num="16" count="2" type="cond" truecount="2" falsecount="0"/>
          <line num="17" count="1" type="stmt"/>
          <line num="19" count="1" type="stmt"/>
          <line num="21" count="2" type="stmt"/>
          <line num="22" count="2" type="stmt"/>
          <line num="23" count="2" type="stmt"/>
          <line num="25" count="2" type="stmt"/>
          <line num="26" count="2" type="stmt"/>
          <line num="27" count="2" type="stmt"/>
        </file>
        <file name="getters.ts" path="/c/Users/Administrator/Documents/hero/src/store/getters.ts">
          <metrics statements="3" coveredstatements="3" conditionals="0" coveredconditionals="0" methods="4" coveredmethods="4"/>
          <line num="3" count="1" type="stmt"/>
          <line num="5" count="1" type="stmt"/>
          <line num="6" count="6" type="stmt"/>
        </file>
        <file name="index.ts" path="/c/Users/Administrator/Documents/hero/src/store/index.ts">
          <metrics statements="8" coveredstatements="8" conditionals="0" coveredconditionals="0" methods="0" coveredmethods="0"/>
          <line num="1" count="1" type="stmt"/>
          <line num="2" count="1" type="stmt"/>
          <line num="3" count="1" type="stmt"/>
          <line num="4" count="1" type="stmt"/>
          <line num="5" count="1" type="stmt"/>
          <line num="6" count="1" type="stmt"/>
          <line num="21" count="1" type="stmt"/>
          <line num="48" count="1" type="stmt"/>
        </file>
        <file name="mutations.ts" path="/c/Users/Administrator/Documents/hero/src/store/mutations.ts">
          <metrics statements="14" coveredstatements="14" conditionals="4" coveredconditionals="4" methods="4" coveredmethods="4"/>
          <line num="2" count="1" type="stmt"/>
          <line num="6" count="2" type="cond" truecount="2" falsecount="0"/>
          <line num="7" count="1" type="stmt"/>
          <line num="9" count="1" type="stmt"/>
          <line num="11" count="2" type="stmt"/>
          <line num="14" count="7" type="stmt"/>
          <line num="18" count="7" type="stmt"/>
          <line num="19" count="1" type="stmt"/>
          <line num="23" count="4" type="cond" truecount="2" falsecount="0"/>
          <line num="24" count="7" type="stmt"/>
          <line num="25" count="1" type="stmt"/>
          <line num="30" count="1" type="stmt"/>
          <line num="33" count="1" type="stmt"/>
          <line num="36" count="1" type="stmt"/>
        </file>
        <file name="mutations_type.ts" path="/c/Users/Administrator/Documents/hero/src/store/mutations_type.ts">
          <metrics statements="8" coveredstatements="8" conditionals="0" coveredconditionals="0" methods="0" coveredmethods="0"/>
          <line num="1" count="2" type="stmt"/>
          <line num="2" count="2" type="stmt"/>
          <line num="3" count="2" type="stmt"/>
          <line num="4" count="2" type="stmt"/>
          <line num="5" count="2" type="stmt"/>
          <line num="6" count="2" type="stmt"/>
          <line num="7" count="2" type="stmt"/>
          <line num="8" count="2" type="stmt"/>
        </file>
      </package>
      <package name="views.layout.components">
        <metrics statements="1" coveredstatements="1" conditionals="0" coveredconditionals="0" methods="0" coveredmethods="0"/>
        <file name="layoutfoot.vue" path="/c/Users/Administrator/Documents/hero/src/views/layout/components/layoutfoot.vue">
          <metrics statements="1" coveredstatements="1" conditionals="0" coveredconditionals="0" methods="0" coveredmethods="0"/>
          <line num="11" count="1" type="stmt"/>
        </file>
      </package>
    </metrics>
  </project>
</coverage>
