{"/c/Users/Administrator/Documents/hero/src/components/dashboard.vue": {"path":"/c/Users/Administrator/Documents/hero/src/components/dashboard.vue","statementMap":{"0":{"start":{"line":23,"column":0},"end":{"line":null,"column":-1}},"1":{"start":{"line":27,"column":0},"end":{"line":null,"column":-1}},"2":{"start":{"line":34,"column":0},"end":{"line":38,"column":0}},"3":{"start":{"line":35,"column":0},"end":{"line":null,"column":-1}},"4":{"start":{"line":37,"column":0},"end":{"line":null,"column":-1}},"5":{"start":{"line":44,"column":0},"end":{"line":null,"column":-1}},"6":{"start":{"line":45,"column":0},"end":{"line":50,"column":0}},"7":{"start":{"line":46,"column":0},"end":{"line":null,"column":-1}},"8":{"start":{"line":47,"column":0},"end":{"line":49,"column":0}},"9":{"start":{"line":48,"column":0},"end":{"line":null,"column":-1}},"10":{"start":{"line":58,"column":0},"end":{"line":null,"column":-1}}},"fnMap":{"0":{"name":"(anonymous_1)","decl":{"start":{"line":45,"column":0},"end":{"line":null,"column":-1}},"loc":{"start":{"line":45,"column":0},"end":{"line":50,"column":0}}},"1":{"name":"(anonymous_2)","decl":{"start":{"line":58,"column":0},"end":{"line":null,"column":-1}},"loc":{"start":{"line":58,"column":0},"end":{"line":null,"column":-1}}}},"branchMap":{"0":{"loc":{"start":{"line":34,"column":0},"end":{"line":38,"column":0}},"type":"if","locations":[{"start":{"line":34,"column":0},"end":{"line":38,"column":0}},{"start":{"line":34,"column":0},"end":{"line":38,"column":0}}]},"1":{"loc":{"start":{"line":47,"column":0},"end":{"line":49,"column":0}},"type":"if","locations":[{"start":{"line":47,"column":0},"end":{"line":49,"column":0}},{"start":{"line":47,"column":0},"end":{"line":49,"column":0}}]}},"s":{"0":1,"1":1,"2":2,"3":1,"4":1,"5":2,"6":2,"7":0,"8":0,"9":0,"10":0},"f":{"0":0,"1":0},"b":{"0":[1,1],"1":[0,0]}}
,"/c/Users/Administrator/Documents/hero/src/components/detail.vue": {"path":"/c/Users/Administrator/Documents/hero/src/components/detail.vue","statementMap":{"0":{"start":{"line":17,"column":0},"end":{"line":null,"column":-1}},"1":{"start":{"line":24,"column":0},"end":{"line":null,"column":-1}},"2":{"start":{"line":27,"column":0},"end":{"line":null,"column":-1}},"3":{"start":{"line":36,"column":0},"end":{"line":null,"column":-1}},"4":{"start":{"line":39,"column":0},"end":{"line":null,"column":-1}},"5":{"start":{"line":40,"column":0},"end":{"line":null,"column":-1}},"6":{"start":{"line":50,"column":0},"end":{"line":53,"column":0}},"7":{"start":{"line":51,"column":0},"end":{"line":null,"column":-1}},"8":{"start":{"line":52,"column":0},"end":{"line":null,"column":-1}}},"fnMap":{"0":{"name":"(anonymous_1)","decl":{"start":{"line":50,"column":0},"end":{"line":null,"column":-1}},"loc":{"start":{"line":50,"column":0},"end":{"line":53,"column":0}}}},"branchMap":{},"s":{"0":1,"1":4,"2":2,"3":0,"4":1,"5":1,"6":0,"7":0,"8":0},"f":{"0":0},"b":{}}
,"/c/Users/Administrator/Documents/hero/src/components/heroes.vue": {"path":"/c/Users/Administrator/Documents/hero/src/components/heroes.vue","statementMap":{"0":{"start":{"line":20,"column":0},"end":{"line":null,"column":-1}},"1":{"start":{"line":23,"column":0},"end":{"line":null,"column":-1}},"2":{"start":{"line":38,"column":0},"end":{"line":40,"column":0}},"3":{"start":{"line":39,"column":0},"end":{"line":null,"column":-1}},"4":{"start":{"line":44,"column":0},"end":{"line":null,"column":-1}}},"fnMap":{"0":{"name":"(anonymous_1)","decl":{"start":{"line":44,"column":0},"end":{"line":null,"column":-1}},"loc":{"start":{"line":44,"column":0},"end":{"line":null,"column":-1}}}},"branchMap":{"0":{"loc":{"start":{"line":38,"column":0},"end":{"line":40,"column":0}},"type":"if","locations":[{"start":{"line":38,"column":0},"end":{"line":40,"column":0}},{"start":{"line":38,"column":0},"end":{"line":40,"column":0}}]}},"s":{"0":1,"1":4,"2":0,"3":0,"4":0},"f":{"0":0},"b":{"0":[0,0]}}
,"/c/Users/Administrator/Documents/hero/src/store/actions.ts": {"path":"/c/Users/Administrator/Documents/hero/src/store/actions.ts","statementMap":{"0":{"start":{"line":1,"column":0},"end":{"line":null,"column":-1}},"1":{"start":{"line":7,"column":4},"end":{"line":null,"column":-1}},"2":{"start":{"line":8,"column":4},"end":{"line":null,"column":-1}},"3":{"start":{"line":11,"column":4},"end":{"line":null,"column":-1}},"4":{"start":{"line":12,"column":4},"end":{"line":null,"column":-1}},"5":{"start":{"line":16,"column":4},"end":{"line":20,"column":5}},"6":{"start":{"line":17,"column":6},"end":{"line":null,"column":-1}},"7":{"start":{"line":19,"column":6},"end":{"line":null,"column":-1}},"8":{"start":{"line":21,"column":15},"end":{"line":21,"column":4}},"9":{"start":{"line":22,"column":8},"end":{"line":null,"column":-1}},"10":{"start":{"line":23,"column":8},"end":{"line":null,"column":-1}},"11":{"start":{"line":25,"column":4},"end":{"line":null,"column":-1}},"12":{"start":{"line":26,"column":6},"end":{"line":null,"column":-1}},"13":{"start":{"line":27,"column":6},"end":{"line":27,"column":13}}},"fnMap":{"0":{"name":"(anonymous_0)","decl":{"start":{"line":21,"column":34},"end":{"line":21,"column":32}},"loc":{"start":{"line":21,"column":45},"end":{"line":21,"column":21}}},"1":{"name":"(anonymous_1)","decl":{"start":{"line":25,"column":23},"end":{"line":25,"column":21}},"loc":{"start":{"line":25,"column":34},"end":{"line":25,"column":10}}}},"branchMap":{"0":{"loc":{"start":{"line":16,"column":4},"end":{"line":20,"column":5}},"type":"if","locations":[{"start":{"line":16,"column":4},"end":{"line":20,"column":5}},{"start":{"line":16,"column":4},"end":{"line":20,"column":5}}]}},"s":{"0":2,"1":1,"2":1,"3":1,"4":1,"5":2,"6":1,"7":1,"8":2,"9":2,"10":2,"11":2,"12":2,"13":2},"f":{"0":2,"1":2},"b":{"0":[1,1]}}
,"/c/Users/Administrator/Documents/hero/src/store/getters.ts": {"path":"/c/Users/Administrator/Documents/hero/src/store/getters.ts","statementMap":{"0":{"start":{"line":3,"column":41},"end":{"line":2,"column":15}},"1":{"start":{"line":5,"column":5},"end":{"line":6,"column":6}},"2":{"start":{"line":6,"column":6},"end":{"line":null,"column":-1}},"3":{"start":{"line":6,"column":34},"end":{"line":6,"column":6}}},"fnMap":{"0":{"name":"(anonymous_0)","decl":{"start":{"line":3,"column":14},"end":{"line":3,"column":12}},"loc":{"start":{"line":3,"column":41},"end":{"line":2,"column":15}}},"1":{"name":"(anonymous_1)","decl":{"start":{"line":4,"column":17},"end":{"line":4,"column":15}},"loc":{"start":{"line":5,"column":5},"end":{"line":6,"column":6}}},"2":{"name":"(anonymous_2)","decl":{"start":{"line":5,"column":5},"end":{"line":5,"column":3}},"loc":{"start":{"line":6,"column":6},"end":{"line":null,"column":-1}}},"3":{"name":"(anonymous_3)","decl":{"start":{"line":6,"column":26},"end":{"line":6,"column":29}},"loc":{"start":{"line":6,"column":34},"end":{"line":6,"column":6}}}},"branchMap":{},"s":{"0":1,"1":1,"2":1,"3":6},"f":{"0":1,"1":1,"2":1,"3":6},"b":{}}
,"/c/Users/Administrator/Documents/hero/src/store/index.ts": {"path":"/c/Users/Administrator/Documents/hero/src/store/index.ts","statementMap":{"0":{"start":{"line":1,"column":0},"end":{"line":null,"column":-1}},"1":{"start":{"line":2,"column":0},"end":{"line":null,"column":-1}},"2":{"start":{"line":3,"column":0},"end":{"line":null,"column":-1}},"3":{"start":{"line":4,"column":0},"end":{"line":null,"column":-1}},"4":{"start":{"line":5,"column":0},"end":{"line":null,"column":-1}},"5":{"start":{"line":6,"column":0},"end":{"line":null,"column":-1}},"6":{"start":{"line":21,"column":22},"end":{"line":21,"column":0}},"7":{"start":{"line":48,"column":31},"end":{"line":48,"column":7}}},"fnMap":{},"branchMap":{},"s":{"0":1,"1":1,"2":1,"3":1,"4":1,"5":1,"6":1,"7":1},"f":{},"b":{}}
,"/c/Users/Administrator/Documents/hero/src/store/mutations.ts": {"path":"/c/Users/Administrator/Documents/hero/src/store/mutations.ts","statementMap":{"0":{"start":{"line":2,"column":0},"end":{"line":null,"column":-1}},"1":{"start":{"line":6,"column":4},"end":{"line":10,"column":5}},"2":{"start":{"line":7,"column":6},"end":{"line":null,"column":-1}},"3":{"start":{"line":9,"column":6},"end":{"line":null,"column":-1}},"4":{"start":{"line":11,"column":4},"end":{"line":null,"column":-1}},"5":{"start":{"line":14,"column":4},"end":{"line":null,"column":-1}},"6":{"start":{"line":14,"column":47},"end":{"line":14,"column":19}},"7":{"start":{"line":18,"column":15},"end":{"line":18,"column":4}},"8":{"start":{"line":18,"column":43},"end":{"line":18,"column":15}},"9":{"start":{"line":19,"column":4},"end":{"line":null,"column":-1}},"10":{"start":{"line":23,"column":4},"end":{"line":26,"column":5}},"11":{"start":{"line":23,"column":33},"end":{"line":23,"column":7}},"12":{"start":{"line":24,"column":24},"end":{"line":24,"column":6}},"13":{"start":{"line":24,"column":52},"end":{"line":24,"column":24}},"14":{"start":{"line":25,"column":6},"end":{"line":null,"column":-1}},"15":{"start":{"line":30,"column":4},"end":{"line":null,"column":-1}},"16":{"start":{"line":33,"column":4},"end":{"line":null,"column":-1}},"17":{"start":{"line":36,"column":4},"end":{"line":null,"column":-1}}},"fnMap":{"0":{"name":"(anonymous_0)","decl":{"start":{"line":14,"column":39},"end":{"line":14,"column":42}},"loc":{"start":{"line":14,"column":47},"end":{"line":14,"column":19}}},"1":{"name":"(anonymous_1)","decl":{"start":{"line":18,"column":35},"end":{"line":18,"column":38}},"loc":{"start":{"line":18,"column":43},"end":{"line":18,"column":15}}},"2":{"name":"(anonymous_2)","decl":{"start":{"line":23,"column":25},"end":{"line":23,"column":28}},"loc":{"start":{"line":23,"column":33},"end":{"line":23,"column":7}}},"3":{"name":"(anonymous_3)","decl":{"start":{"line":24,"column":44},"end":{"line":24,"column":47}},"loc":{"start":{"line":24,"column":52},"end":{"line":24,"column":24}}}},"branchMap":{"0":{"loc":{"start":{"line":6,"column":4},"end":{"line":10,"column":5}},"type":"if","locations":[{"start":{"line":6,"column":4},"end":{"line":10,"column":5}},{"start":{"line":6,"column":4},"end":{"line":10,"column":5}}]},"1":{"loc":{"start":{"line":23,"column":4},"end":{"line":26,"column":5}},"type":"if","locations":[{"start":{"line":23,"column":4},"end":{"line":26,"column":5}},{"start":{"line":23,"column":4},"end":{"line":26,"column":5}}]}},"s":{"0":1,"1":2,"2":1,"3":1,"4":2,"5":1,"6":7,"7":1,"8":7,"9":1,"10":2,"11":4,"12":1,"13":7,"14":1,"15":1,"16":1,"17":1},"f":{"0":7,"1":7,"2":4,"3":7},"b":{"0":[1,1],"1":[1,1]}}
,"/c/Users/Administrator/Documents/hero/src/store/mutations_type.ts": {"path":"/c/Users/Administrator/Documents/hero/src/store/mutations_type.ts","statementMap":{"0":{"start":{"line":1,"column":24},"end":{"line":1,"column":7}},"1":{"start":{"line":2,"column":27},"end":{"line":2,"column":7}},"2":{"start":{"line":3,"column":27},"end":{"line":3,"column":7}},"3":{"start":{"line":4,"column":31},"end":{"line":4,"column":7}},"4":{"start":{"line":5,"column":32},"end":{"line":5,"column":7}},"5":{"start":{"line":6,"column":25},"end":{"line":6,"column":7}},"6":{"start":{"line":7,"column":28},"end":{"line":7,"column":7}},"7":{"start":{"line":8,"column":28},"end":{"line":8,"column":7}}},"fnMap":{},"branchMap":{},"s":{"0":2,"1":2,"2":2,"3":2,"4":2,"5":2,"6":2,"7":2},"f":{},"b":{}}
,"/c/Users/Administrator/Documents/hero/src/views/layout/components/layoutfoot.vue": {"path":"/c/Users/Administrator/Documents/hero/src/views/layout/components/layoutfoot.vue","statementMap":{"0":{"start":{"line":11,"column":0},"end":{"line":null,"column":-1}}},"fnMap":{},"branchMap":{},"s":{"0":1},"f":{},"b":{}}
}
